<?xml version="1.0" encoding="UTF-8"?>
<!-- Generated by org.testng.reporters.JUnitXMLReporter -->
<testsuite hostname="Dhriti" ignored="4" name="Default test" tests="1" failures="0" timestamp="2020-07-14T23:15:00 EDT" time="50.904" errors="0">
  <testcase name="getItemsToCart" time="45.142" classname="Madhuri.AmazonE2E_Automation.AddingItemsToCart"/>
  <testcase name="getSearch" time="0.0" classname="Madhuri.AmazonE2E_Automation.AddingItemsToCart">
    <ignored/>
  </testcase> <!-- getSearch -->
  <testcase name="babyRegistry" time="0.0" classname="Madhuri.AmazonE2E_Automation.AddingItemsToCart">
    <ignored/>
  </testcase> <!-- babyRegistry -->
  <testcase name="pageTitle" time="0.0" classname="Madhuri.AmazonE2E_Automation.AddingItemsToCart">
    <ignored/>
  </testcase> <!-- pageTitle -->
  <testcase name="createAmazonAcc" time="0.0" classname="Madhuri.AmazonE2E_Automation.AddingItemsToCart">
    <ignored/>
  </testcase> <!-- createAmazonAcc -->
</testsuite> <!-- Default test -->
