<?xml version="1.0" encoding="UTF-8"?>
<testng-results skipped="0" failed="0" ignored="4" total="5" passed="1">
  <reporter-output>
  </reporter-output>
  <suite name="Default suite" duration-ms="50904" started-at="2020-07-14T23:14:09 EDT" finished-at="2020-07-14T23:15:00 EDT">
    <groups>
    </groups>
    <test name="Default test" duration-ms="50904" started-at="2020-07-14T23:14:09 EDT" finished-at="2020-07-14T23:15:00 EDT">
      <class name="Madhuri.AmazonE2E_Automation.AddingItemsToCart">
        <test-method status="PASS" signature="browserInitialize()[pri:0, instance:Madhuri.AmazonE2E_Automation.AddingItemsToCart@3cc1435c]" name="browserInitialize" is-config="true" duration-ms="5676" started-at="2020-07-14T23:14:09 EDT" finished-at="2020-07-14T23:14:15 EDT">
          <reporter-output>
          </reporter-output>
        </test-method> <!-- browserInitialize -->
        <test-method status="PASS" signature="getItemsToCart()[pri:0, instance:Madhuri.AmazonE2E_Automation.AddingItemsToCart@3cc1435c]" name="getItemsToCart" duration-ms="45142" started-at="2020-07-14T23:14:15 EDT" finished-at="2020-07-14T23:15:00 EDT">
          <reporter-output>
          </reporter-output>
        </test-method> <!-- getItemsToCart -->
        <test-method status="PASS" signature="closeBrowser()[pri:0, instance:Madhuri.AmazonE2E_Automation.AddingItemsToCart@3cc1435c]" name="closeBrowser" is-config="true" duration-ms="0" started-at="2020-07-14T23:15:00 EDT" finished-at="2020-07-14T23:15:00 EDT">
          <reporter-output>
          </reporter-output>
        </test-method> <!-- closeBrowser -->
      </class> <!-- Madhuri.AmazonE2E_Automation.AddingItemsToCart -->
    </test> <!-- Default test -->
  </suite> <!-- Default suite -->
</testng-results>
